<?xml version="1.0" encoding="UTF-8"?>
<!-- Generated by org.testng.reporters.JUnitXMLReporter -->
<testsuite ignored="0" hostname="DESKTOP-VPQU92R" failures="0" tests="4" name="Test" time="46.138" errors="0" timestamp="2024-10-13T19:00:17 IST">
  <testcase classname="com.shipway.testcases.TC02_SignUp" name="verifyLoginWithValidCredentials" time="8.875"/>
  <testcase classname="com.shipway.testcases.TC03_WeclomeShipWay" name="verifyWelcomePage" time="8.497"/>
  <testcase classname="com.shipway.testcases.TC01_HomePage" name="testLoginBtnDisplayed" time="4.093"/>
  <testcase classname="com.shipway.testcases.TC01_HomePage" name="verifyTitleandLoginbtn" time="5.318"/>
</testsuite> <!-- Test -->
