<?xml version="1.0" encoding="UTF-8"?>
<testng-results ignored="0" total="4" passed="4" failed="0" skipped="0">
  <reporter-output>
  </reporter-output>
  <suite started-at="2024-10-13T18:59:31 IST" name="Suite" finished-at="2024-10-13T19:00:17 IST" duration-ms="46138">
    <groups>
    </groups>
    <test started-at="2024-10-13T18:59:31 IST" name="Test" finished-at="2024-10-13T19:00:17 IST" duration-ms="46138">
      <class name="com.shipway.testcases.TC01_HomePage">
        <test-method is-config="true" signature="setup()[pri:0, instance:com.shipway.testcases.TC01_HomePage@3646a422]" started-at="2024-10-13T19:00:03 IST" name="setup" finished-at="2024-10-13T19:00:06 IST" duration-ms="3360" status="PASS">
          <reporter-output>
          </reporter-output>
        </test-method> <!-- setup -->
        <test-method signature="testLoginBtnDisplayed()[pri:0, instance:com.shipway.testcases.TC01_HomePage@3646a422]" started-at="2024-10-13T19:00:06 IST" name="testLoginBtnDisplayed" finished-at="2024-10-13T19:00:10 IST" duration-ms="4093" status="PASS">
          <reporter-output>
          </reporter-output>
        </test-method> <!-- testLoginBtnDisplayed -->
        <test-method signature="verifyTitleandLoginbtn()[pri:0, instance:com.shipway.testcases.TC01_HomePage@3646a422]" started-at="2024-10-13T19:00:10 IST" name="verifyTitleandLoginbtn" finished-at="2024-10-13T19:00:16 IST" duration-ms="5318" status="PASS">
          <reporter-output>
          </reporter-output>
        </test-method> <!-- verifyTitleandLoginbtn -->
        <test-method is-config="true" signature="tearDown()[pri:0, instance:com.shipway.testcases.TC01_HomePage@3646a422]" started-at="2024-10-13T19:00:16 IST" name="tearDown" finished-at="2024-10-13T19:00:17 IST" duration-ms="1333" status="PASS">
          <reporter-output>
          </reporter-output>
        </test-method> <!-- tearDown -->
      </class> <!-- com.shipway.testcases.TC01_HomePage -->
      <class name="com.shipway.testcases.TC03_WeclomeShipWay">
        <test-method is-config="true" signature="setup()[pri:0, instance:com.shipway.testcases.TC03_WeclomeShipWay@5ab956d7]" started-at="2024-10-13T18:59:49 IST" name="setup" finished-at="2024-10-13T18:59:53 IST" duration-ms="3630" status="PASS">
          <reporter-output>
          </reporter-output>
        </test-method> <!-- setup -->
        <test-method signature="verifyWelcomePage()[pri:0, instance:com.shipway.testcases.TC03_WeclomeShipWay@5ab956d7]" started-at="2024-10-13T18:59:53 IST" name="verifyWelcomePage" finished-at="2024-10-13T19:00:01 IST" duration-ms="8497" status="PASS">
          <reporter-output>
          </reporter-output>
        </test-method> <!-- verifyWelcomePage -->
        <test-method is-config="true" signature="tearDown()[pri:0, instance:com.shipway.testcases.TC03_WeclomeShipWay@5ab956d7]" started-at="2024-10-13T19:00:01 IST" name="tearDown" finished-at="2024-10-13T19:00:03 IST" duration-ms="1413" status="PASS">
          <reporter-output>
          </reporter-output>
        </test-method> <!-- tearDown -->
      </class> <!-- com.shipway.testcases.TC03_WeclomeShipWay -->
      <class name="com.shipway.testcases.TC02_SignUp">
        <test-method is-config="true" signature="setup()[pri:0, instance:com.shipway.testcases.TC02_SignUp@1a942c18]" started-at="2024-10-13T18:59:31 IST" name="setup" finished-at="2024-10-13T18:59:39 IST" duration-ms="8189" status="PASS">
          <reporter-output>
          </reporter-output>
        </test-method> <!-- setup -->
        <test-method signature="verifyLoginWithValidCredentials()[pri:0, instance:com.shipway.testcases.TC02_SignUp@1a942c18]" started-at="2024-10-13T18:59:39 IST" name="verifyLoginWithValidCredentials" finished-at="2024-10-13T18:59:48 IST" duration-ms="8875" status="PASS">
          <reporter-output>
          </reporter-output>
        </test-method> <!-- verifyLoginWithValidCredentials -->
        <test-method is-config="true" signature="tearDown()[pri:0, instance:com.shipway.testcases.TC02_SignUp@1a942c18]" started-at="2024-10-13T18:59:48 IST" name="tearDown" finished-at="2024-10-13T18:59:49 IST" duration-ms="1363" status="PASS">
          <reporter-output>
          </reporter-output>
        </test-method> <!-- tearDown -->
      </class> <!-- com.shipway.testcases.TC02_SignUp -->
    </test> <!-- Test -->
  </suite> <!-- Suite -->
</testng-results>
